2023-12-15 14:02:57.273 +08 [23095] LOG:  starting PostgreSQL 16.1 on aarch64-apple-darwin21.6.0, compiled by Apple clang version 14.0.0 (clang-1400.0.29.102), 64-bit
2023-12-15 14:02:57.278 +08 [23095] LOG:  listening on IPv4 address "127.0.0.1", port 5432
2023-12-15 14:02:57.278 +08 [23095] LOG:  listening on IPv6 address "::1", port 5432
2023-12-15 14:02:57.278 +08 [23095] LOG:  listening on Unix socket "/tmp/.s.PGSQL.5432"
2023-12-15 14:02:57.280 +08 [23098] LOG:  database system was shut down at 2023-12-15 14:02:57 +08
2023-12-15 14:02:57.281 +08 [23095] LOG:  database system is ready to accept connections
2023-12-15 14:04:09.879 +08 [23095] LOG:  received fast shutdown request
2023-12-15 14:04:09.880 +08 [23095] LOG:  aborting any active transactions
2023-12-15 14:04:09.882 +08 [23095] LOG:  background worker "logical replication launcher" (PID 23101) exited with exit code 1
2023-12-15 14:04:09.882 +08 [23096] LOG:  shutting down
2023-12-15 14:04:09.883 +08 [23096] LOG:  checkpoint starting: shutdown immediate
2023-12-15 14:04:09.941 +08 [23096] LOG:  checkpoint complete: wrote 941 buffers (5.7%); 0 WAL file(s) added, 0 removed, 0 recycled; write=0.048 s, sync=0.009 s, total=0.059 s; sync files=308, longest=0.001 s, average=0.001 s; distance=4317 kB, estimate=4317 kB; lsn=0/1B80FE8, redo lsn=0/1B80FE8
2023-12-15 14:04:09.956 +08 [23095] LOG:  database system is shut down
2023-12-15 14:06:31.212 +08 [23330] LOG:  starting PostgreSQL 16.1 on aarch64-apple-darwin21.6.0, compiled by Apple clang version 14.0.0 (clang-1400.0.29.102), 64-bit
2023-12-15 14:06:31.218 +08 [23330] LOG:  listening on IPv4 address "127.0.0.1", port 5432
2023-12-15 14:06:31.218 +08 [23330] LOG:  listening on IPv6 address "::1", port 5432
2023-12-15 14:06:31.218 +08 [23330] LOG:  listening on Unix socket "/tmp/.s.PGSQL.5432"
2023-12-15 14:06:31.225 +08 [23333] LOG:  database system was shut down at 2023-12-15 14:04:09 +08
2023-12-15 14:06:31.230 +08 [23330] LOG:  database system is ready to accept connections
2023-12-15 14:08:13.663 +08 [23354] ERROR:  new locale provider (libc) does not match locale provider of the template database (icu)
2023-12-15 14:08:13.663 +08 [23354] HINT:  Use the same locale provider as in the template database, or use template0 as template.
2023-12-15 14:08:13.663 +08 [23354] STATEMENT:  CREATE DATABASE "gossip app"
	    WITH
	    OWNER = postgres
	    ENCODING = 'UTF8'
	    LOCALE_PROVIDER = 'libc'
	    CONNECTION LIMIT = -1
	    IS_TEMPLATE = False;
	
2023-12-15 14:08:21.515 +08 [23354] ERROR:  new locale provider (libc) does not match locale provider of the template database (icu)
2023-12-15 14:08:21.515 +08 [23354] HINT:  Use the same locale provider as in the template database, or use template0 as template.
2023-12-15 14:08:21.515 +08 [23354] STATEMENT:  CREATE DATABASE gossipapp
	    WITH
	    OWNER = postgres
	    ENCODING = 'UTF8'
	    LOCALE_PROVIDER = 'libc'
	    CONNECTION LIMIT = -1
	    IS_TEMPLATE = False;
	
2023-12-15 14:08:55.276 +08 [23354] ERROR:  new locale provider (libc) does not match locale provider of the template database (icu)
2023-12-15 14:08:55.276 +08 [23354] HINT:  Use the same locale provider as in the template database, or use template0 as template.
2023-12-15 14:08:55.276 +08 [23354] STATEMENT:  CREATE DATABASE gossip
	    WITH
	    OWNER = postgres
	    ENCODING = 'UTF8'
	    LOCALE_PROVIDER = 'libc'
	    CONNECTION LIMIT = -1
	    IS_TEMPLATE = False;
	
2023-12-15 14:11:31.217 +08 [23331] LOG:  checkpoint starting: time
2023-12-15 14:13:10.869 +08 [23331] LOG:  checkpoint complete: wrote 985 buffers (6.0%); 0 WAL file(s) added, 0 removed, 1 recycled; write=99.636 s, sync=0.008 s, total=99.653 s; sync files=312, longest=0.001 s, average=0.001 s; distance=4641 kB, estimate=4641 kB; lsn=0/2009778, redo lsn=0/2009740
2023-12-15 14:26:31.855 +08 [23331] LOG:  checkpoint starting: time
2023-12-15 14:26:32.272 +08 [23331] LOG:  checkpoint complete: wrote 5 buffers (0.0%); 0 WAL file(s) added, 0 removed, 0 recycled; write=0.408 s, sync=0.002 s, total=0.419 s; sync files=5, longest=0.001 s, average=0.001 s; distance=1 kB, estimate=4177 kB; lsn=0/2009D98, redo lsn=0/2009D60
2023-12-15 14:31:31.265 +08 [23331] LOG:  checkpoint starting: time
2023-12-15 14:31:34.933 +08 [23331] LOG:  checkpoint complete: wrote 37 buffers (0.2%); 0 WAL file(s) added, 0 removed, 0 recycled; write=3.660 s, sync=0.002 s, total=3.669 s; sync files=35, longest=0.001 s, average=0.001 s; distance=168 kB, estimate=3776 kB; lsn=0/2033F18, redo lsn=0/2033EE0
2023-12-15 14:36:31.926 +08 [23331] LOG:  checkpoint starting: time
2023-12-15 14:36:35.806 +08 [23331] LOG:  checkpoint complete: wrote 39 buffers (0.2%); 0 WAL file(s) added, 0 removed, 0 recycled; write=3.865 s, sync=0.004 s, total=3.882 s; sync files=31, longest=0.001 s, average=0.001 s; distance=211 kB, estimate=3420 kB; lsn=0/2068D50, redo lsn=0/2068D18
2023-12-15 14:41:31.800 +08 [23331] LOG:  checkpoint starting: time
2023-12-15 14:41:35.207 +08 [23331] LOG:  checkpoint complete: wrote 34 buffers (0.2%); 0 WAL file(s) added, 0 removed, 0 recycled; write=3.396 s, sync=0.003 s, total=3.408 s; sync files=27, longest=0.001 s, average=0.001 s; distance=117 kB, estimate=3090 kB; lsn=0/20864B0, redo lsn=0/2086478
2023-12-15 14:46:31.246 +08 [23331] LOG:  checkpoint starting: time
2023-12-15 14:46:31.865 +08 [23331] LOG:  checkpoint complete: wrote 7 buffers (0.0%); 0 WAL file(s) added, 0 removed, 0 recycled; write=0.612 s, sync=0.001 s, total=0.620 s; sync files=5, longest=0.001 s, average=0.001 s; distance=38 kB, estimate=2784 kB; lsn=0/208FEE8, redo lsn=0/208FEB0
2023-12-15 14:52:15.734 +08 [23330] LOG:  received fast shutdown request
2023-12-15 14:52:15.735 +08 [23330] LOG:  aborting any active transactions
2023-12-15 14:52:15.736 +08 [23330] LOG:  background worker "logical replication launcher" (PID 23336) exited with exit code 1
2023-12-15 14:52:15.736 +08 [23331] LOG:  shutting down
2023-12-15 14:52:15.737 +08 [23331] LOG:  checkpoint starting: shutdown immediate
2023-12-15 14:52:15.740 +08 [23331] LOG:  checkpoint complete: wrote 0 buffers (0.0%); 0 WAL file(s) added, 0 removed, 0 recycled; write=0.001 s, sync=0.001 s, total=0.004 s; sync files=0, longest=0.000 s, average=0.000 s; distance=0 kB, estimate=2506 kB; lsn=0/208FF98, redo lsn=0/208FF98
2023-12-15 14:52:15.743 +08 [23330] LOG:  database system is shut down
2023-12-15 14:52:17.056 +08 [26075] LOG:  starting PostgreSQL 16.1 on aarch64-apple-darwin21.6.0, compiled by Apple clang version 14.0.0 (clang-1400.0.29.102), 64-bit
2023-12-15 14:52:17.058 +08 [26075] LOG:  listening on IPv4 address "127.0.0.1", port 5432
2023-12-15 14:52:17.058 +08 [26075] LOG:  listening on IPv6 address "::1", port 5432
2023-12-15 14:52:17.058 +08 [26075] LOG:  listening on Unix socket "/tmp/.s.PGSQL.5432"
2023-12-15 14:52:17.061 +08 [26078] LOG:  database system was shut down at 2023-12-15 14:52:15 +08
2023-12-15 14:52:17.066 +08 [26075] LOG:  database system is ready to accept connections
2023-12-15 14:52:18.396 +08 [26075] LOG:  received fast shutdown request
2023-12-15 14:52:18.397 +08 [26075] LOG:  aborting any active transactions
2023-12-15 14:52:18.399 +08 [26075] LOG:  background worker "logical replication launcher" (PID 26081) exited with exit code 1
2023-12-15 14:52:18.399 +08 [26076] LOG:  shutting down
2023-12-15 14:52:18.399 +08 [26076] LOG:  checkpoint starting: shutdown immediate
2023-12-15 14:52:18.401 +08 [26076] LOG:  checkpoint complete: wrote 3 buffers (0.0%); 0 WAL file(s) added, 0 removed, 0 recycled; write=0.001 s, sync=0.001 s, total=0.003 s; sync files=2, longest=0.001 s, average=0.001 s; distance=0 kB, estimate=0 kB; lsn=0/2090028, redo lsn=0/2090028
2023-12-15 14:52:18.404 +08 [26075] LOG:  database system is shut down
2023-12-16 18:36:47.638 +08 [35167] LOG:  starting PostgreSQL 16.1 on aarch64-apple-darwin21.6.0, compiled by Apple clang version 14.0.0 (clang-1400.0.29.102), 64-bit
2023-12-16 18:36:47.640 +08 [35167] LOG:  listening on IPv4 address "127.0.0.1", port 5432
2023-12-16 18:36:47.640 +08 [35167] LOG:  listening on IPv6 address "::1", port 5432
2023-12-16 18:36:47.640 +08 [35167] LOG:  listening on Unix socket "/tmp/.s.PGSQL.5432"
2023-12-16 18:36:47.650 +08 [35170] LOG:  database system was shut down at 2023-12-15 14:52:18 +08
2023-12-16 18:36:47.656 +08 [35167] LOG:  database system is ready to accept connections
2023-12-16 18:41:47.642 +08 [35168] LOG:  checkpoint starting: time
2023-12-16 18:41:47.653 +08 [35168] LOG:  checkpoint complete: wrote 3 buffers (0.0%); 0 WAL file(s) added, 0 removed, 0 recycled; write=0.002 s, sync=0.001 s, total=0.013 s; sync files=2, longest=0.001 s, average=0.001 s; distance=0 kB, estimate=0 kB; lsn=0/2090110, redo lsn=0/20900D8
2023-12-16 19:37:02.017 +08 [35168] LOG:  checkpoint starting: time
2023-12-16 19:37:03.660 +08 [35168] LOG:  checkpoint complete: wrote 17 buffers (0.1%); 0 WAL file(s) added, 0 removed, 0 recycled; write=1.632 s, sync=0.001 s, total=1.644 s; sync files=11, longest=0.001 s, average=0.001 s; distance=92 kB, estimate=92 kB; lsn=0/20A74E0, redo lsn=0/20A74A8
2023-12-16 19:52:02.649 +08 [35168] LOG:  checkpoint starting: time
2023-12-16 19:52:08.044 +08 [35168] LOG:  checkpoint complete: wrote 54 buffers (0.3%); 0 WAL file(s) added, 0 removed, 0 recycled; write=5.384 s, sync=0.005 s, total=5.396 s; sync files=52, longest=0.001 s, average=0.001 s; distance=298 kB, estimate=298 kB; lsn=0/20F2080, redo lsn=0/20F2048
2023-12-16 19:57:02.045 +08 [35168] LOG:  checkpoint starting: time
2023-12-16 19:57:03.297 +08 [35168] LOG:  checkpoint complete: wrote 12 buffers (0.1%); 0 WAL file(s) added, 0 removed, 0 recycled; write=1.236 s, sync=0.001 s, total=1.254 s; sync files=7, longest=0.001 s, average=0.001 s; distance=70 kB, estimate=276 kB; lsn=0/2103B48, redo lsn=0/2103B10
2023-12-16 20:02:02.294 +08 [35168] LOG:  checkpoint starting: time
2023-12-16 20:02:02.916 +08 [35168] LOG:  checkpoint complete: wrote 6 buffers (0.0%); 0 WAL file(s) added, 0 removed, 0 recycled; write=0.609 s, sync=0.001 s, total=0.623 s; sync files=2, longest=0.001 s, average=0.001 s; distance=39 kB, estimate=252 kB; lsn=0/210D840, redo lsn=0/210D808
2023-12-16 20:12:41.080 +08 [39633] ERROR:  relation "gossip.Commenst" does not exist
2023-12-16 20:12:41.080 +08 [39633] STATEMENT:  ALTER TABLE IF EXISTS gossip."Comments"
	    ADD CONSTRAINT "Comment_To_Parent_Comment" FOREIGN KEY ("Parent_Comment_ID")
	    REFERENCES gossip."Commenst" ("Comment_ID") MATCH SIMPLE
	    ON UPDATE CASCADE
	    ON DELETE CASCADE;
2023-12-16 20:15:30.756 +08 [35167] LOG:  received fast shutdown request
2023-12-16 20:15:30.757 +08 [35167] LOG:  aborting any active transactions
2023-12-16 20:15:30.761 +08 [35167] LOG:  background worker "logical replication launcher" (PID 35173) exited with exit code 1
2023-12-16 20:15:30.762 +08 [35168] LOG:  shutting down
2023-12-16 20:15:30.763 +08 [35168] LOG:  checkpoint starting: shutdown immediate
2023-12-16 20:15:30.770 +08 [35168] LOG:  checkpoint complete: wrote 15 buffers (0.1%); 0 WAL file(s) added, 0 removed, 0 recycled; write=0.005 s, sync=0.001 s, total=0.008 s; sync files=14, longest=0.001 s, average=0.001 s; distance=58 kB, estimate=232 kB; lsn=0/211C190, redo lsn=0/211C190
2023-12-16 20:15:30.774 +08 [35167] LOG:  database system is shut down
2023-12-18 14:34:56.178 +08 [80520] LOG:  starting PostgreSQL 16.1 on aarch64-apple-darwin21.6.0, compiled by Apple clang version 14.0.0 (clang-1400.0.29.102), 64-bit
2023-12-18 14:34:56.181 +08 [80520] LOG:  listening on IPv4 address "127.0.0.1", port 5432
2023-12-18 14:34:56.181 +08 [80520] LOG:  listening on IPv6 address "::1", port 5432
2023-12-18 14:34:56.182 +08 [80520] LOG:  listening on Unix socket "/tmp/.s.PGSQL.5432"
2023-12-18 14:34:56.191 +08 [80523] LOG:  database system was shut down at 2023-12-16 20:15:30 +08
2023-12-18 14:34:56.200 +08 [80520] LOG:  database system is ready to accept connections
2023-12-18 14:38:11.941 +08 [80689] ERROR:  syntax error at or near "ALTER" at character 61
2023-12-18 14:38:11.941 +08 [80689] STATEMENT:  ALTER TABLE Posts
		ALTER COLUMN Date_Posted TYPE TIMESTAMP
	
	ALTER TABLE Comments
		ALTER COLUMN Date_Posted TYPE TIMESTAMP
2023-12-18 14:38:29.540 +08 [80689] ERROR:  relation "posts" does not exist
2023-12-18 14:38:29.540 +08 [80689] STATEMENT:  ALTER TABLE Posts
		ALTER COLUMN Date_Posted TYPE TIMESTAMP;
	
	ALTER TABLE Comments
		ALTER COLUMN Date_Posted TYPE TIMESTAMP;
2023-12-18 14:39:00.239 +08 [80689] ERROR:  relation "Posts" does not exist
2023-12-18 14:39:00.239 +08 [80689] STATEMENT:  ALTER TABLE "Posts"
		ALTER COLUMN Date_Posted TYPE TIMESTAMP;
	
	ALTER TABLE "Comments"
		ALTER COLUMN Date_Posted TYPE TIMESTAMP;
2023-12-18 14:39:30.688 +08 [80689] ERROR:  column "date_posted" of relation "Posts" does not exist
2023-12-18 14:39:30.688 +08 [80689] STATEMENT:  ALTER TABLE gossip."Posts"
		ALTER COLUMN Date_Posted TYPE TIMESTAMP;
	
	ALTER TABLE gossip."Comments"
		ALTER COLUMN Date_Posted TYPE TIMESTAMP;
2023-12-18 14:39:56.189 +08 [80521] LOG:  checkpoint starting: time
2023-12-18 14:39:56.198 +08 [80521] LOG:  checkpoint complete: wrote 3 buffers (0.0%); 0 WAL file(s) added, 0 removed, 0 recycled; write=0.002 s, sync=0.001 s, total=0.010 s; sync files=2, longest=0.001 s, average=0.001 s; distance=0 kB, estimate=0 kB; lsn=0/211C308, redo lsn=0/211C2D0
2023-12-18 14:40:03.395 +08 [80689] ERROR:  syntax error at or near "(" at character 42
2023-12-18 14:40:03.395 +08 [80689] STATEMENT:  ALTER TABLE gossip."Posts"
		ALTER COLUMN ("Date_Posted") TYPE TIMESTAMP;
	
	ALTER TABLE gossip."Comments"
		ALTER COLUMN ("Date_Posted") TYPE TIMESTAMP;
2023-12-18 14:40:34.553 +08 [80689] ERROR:  syntax error at or near "gossip" at character 1
2023-12-18 14:40:34.553 +08 [80689] STATEMENT:  gossip."Posts"
2023-12-18 14:44:56.197 +08 [80521] LOG:  checkpoint starting: time
2023-12-18 14:44:59.365 +08 [80521] LOG:  checkpoint complete: wrote 32 buffers (0.2%); 0 WAL file(s) added, 0 removed, 0 recycled; write=3.154 s, sync=0.002 s, total=3.170 s; sync files=28, longest=0.001 s, average=0.001 s; distance=179 kB, estimate=179 kB; lsn=0/2148F38, redo lsn=0/2148F00
2023-12-18 15:51:49.068 +08 [91406] ERROR:  relation "users" does not exist at character 15
2023-12-18 15:51:49.068 +08 [91406] STATEMENT:  select * from users
	
2023-12-18 15:52:00.118 +08 [91406] ERROR:  relation "gossip.users" does not exist at character 15
2023-12-18 15:52:00.118 +08 [91406] STATEMENT:  select * from gossip.Users
	
	
2023-12-18 16:25:04.522 +08 [80520] LOG:  received fast shutdown request
2023-12-18 16:25:04.523 +08 [80520] LOG:  aborting any active transactions
2023-12-18 16:25:04.525 +08 [80520] LOG:  background worker "logical replication launcher" (PID 80526) exited with exit code 1
2023-12-18 16:25:04.526 +08 [80521] LOG:  shutting down
2023-12-18 16:25:04.527 +08 [80521] LOG:  checkpoint starting: shutdown immediate
2023-12-18 16:25:04.532 +08 [80521] LOG:  checkpoint complete: wrote 0 buffers (0.0%); 0 WAL file(s) added, 0 removed, 0 recycled; write=0.001 s, sync=0.001 s, total=0.006 s; sync files=0, longest=0.000 s, average=0.000 s; distance=0 kB, estimate=161 kB; lsn=0/2148FE8, redo lsn=0/2148FE8
2023-12-18 16:25:04.536 +08 [80520] LOG:  database system is shut down
2023-12-18 23:39:06.318 +08 [7843] LOG:  starting PostgreSQL 16.1 on aarch64-apple-darwin21.6.0, compiled by Apple clang version 14.0.0 (clang-1400.0.29.102), 64-bit
2023-12-18 23:39:06.320 +08 [7843] LOG:  listening on IPv4 address "127.0.0.1", port 5432
2023-12-18 23:39:06.320 +08 [7843] LOG:  listening on IPv6 address "::1", port 5432
2023-12-18 23:39:06.320 +08 [7843] LOG:  listening on Unix socket "/tmp/.s.PGSQL.5432"
2023-12-18 23:39:06.331 +08 [7846] LOG:  database system was shut down at 2023-12-18 16:25:04 +08
2023-12-18 23:39:06.338 +08 [7843] LOG:  database system is ready to accept connections
2023-12-18 23:44:06.322 +08 [7844] LOG:  checkpoint starting: time
2023-12-18 23:44:06.333 +08 [7844] LOG:  checkpoint complete: wrote 3 buffers (0.0%); 0 WAL file(s) added, 0 removed, 0 recycled; write=0.002 s, sync=0.001 s, total=0.013 s; sync files=2, longest=0.001 s, average=0.001 s; distance=0 kB, estimate=0 kB; lsn=0/21490D0, redo lsn=0/2149098
2023-12-19 00:00:13.692 +08 [16455] ERROR:  relation "users" does not exist at character 15
2023-12-19 00:00:13.692 +08 [16455] STATEMENT:  SELECT * FROM Users
2023-12-19 21:02:57.399 +08 [23055] LOG:  invalid length of startup packet
2023-12-19 21:02:57.406 +08 [23056] LOG:  invalid length of startup packet
2023-12-19 21:02:57.410 +08 [23057] LOG:  invalid length of startup packet
2023-12-19 21:02:57.540 +08 [23058] LOG:  invalid length of startup packet
2023-12-19 21:02:57.544 +08 [23059] LOG:  invalid length of startup packet
2023-12-19 21:02:57.546 +08 [23060] LOG:  invalid length of startup packet
2023-12-19 21:03:04.273 +08 [23069] LOG:  invalid length of startup packet
2023-12-19 21:03:04.286 +08 [23070] LOG:  invalid length of startup packet
2023-12-19 21:03:04.290 +08 [23071] LOG:  invalid length of startup packet
2023-12-19 21:03:10.144 +08 [23080] LOG:  invalid length of startup packet
2023-12-19 21:03:10.151 +08 [23081] LOG:  invalid length of startup packet
2023-12-19 21:03:10.156 +08 [23082] LOG:  invalid length of startup packet
2023-12-19 21:03:10.837 +08 [23083] LOG:  invalid length of startup packet
2023-12-19 21:03:10.853 +08 [23084] LOG:  invalid length of startup packet
2023-12-19 21:03:10.857 +08 [23085] LOG:  invalid length of startup packet
2023-12-19 21:03:25.351 +08 [23094] LOG:  invalid length of startup packet
2023-12-19 21:03:25.362 +08 [23095] LOG:  invalid length of startup packet
2023-12-19 21:03:25.367 +08 [23096] LOG:  invalid length of startup packet
2023-12-19 21:03:42.012 +08 [23119] LOG:  invalid length of startup packet
2023-12-19 21:03:43.031 +08 [23120] LOG:  invalid length of startup packet
2023-12-19 21:03:43.033 +08 [23122] LOG:  invalid length of startup packet
2023-12-19 21:03:43.035 +08 [23123] LOG:  invalid length of startup packet
2023-12-19 21:03:48.065 +08 [23125] LOG:  invalid length of startup packet
2023-12-19 21:04:18.253 +08 [23126] LOG:  invalid length of startup packet
2023-12-19 21:04:18.258 +08 [23172] LOG:  invalid length of startup packet
2023-12-19 21:05:18.571 +08 [23230] LOG:  invalid length of startup packet
2023-12-19 21:06:36.892 +08 [23355] LOG:  invalid length of startup packet
2023-12-19 21:06:37.639 +08 [23356] LOG:  invalid length of startup packet
2023-12-19 21:06:37.640 +08 [23357] LOG:  invalid length of startup packet
2023-12-19 21:06:37.642 +08 [23361] LOG:  invalid length of startup packet
2023-12-19 21:06:38.551 +08 [23364] LOG:  invalid length of startup packet
2023-12-19 21:07:31.411 +08 [7843] LOG:  received fast shutdown request
2023-12-19 21:07:31.414 +08 [7843] LOG:  aborting any active transactions
2023-12-19 21:07:31.416 +08 [21713] FATAL:  terminating connection due to administrator command
2023-12-19 21:07:31.416 +08 [21729] FATAL:  terminating connection due to administrator command
2023-12-19 21:07:31.425 +08 [7843] LOG:  background worker "logical replication launcher" (PID 7849) exited with exit code 1
2023-12-19 21:07:31.426 +08 [7844] LOG:  shutting down
2023-12-19 21:07:31.428 +08 [7844] LOG:  checkpoint starting: shutdown immediate
2023-12-19 21:07:31.440 +08 [7844] LOG:  checkpoint complete: wrote 0 buffers (0.0%); 0 WAL file(s) added, 0 removed, 0 recycled; write=0.006 s, sync=0.001 s, total=0.014 s; sync files=0, longest=0.000 s, average=0.000 s; distance=0 kB, estimate=0 kB; lsn=0/2149180, redo lsn=0/2149180
2023-12-19 21:07:31.449 +08 [7843] LOG:  database system is shut down
2023-12-19 21:07:51.619 +08 [23434] LOG:  starting PostgreSQL 16.1 on aarch64-apple-darwin21.6.0, compiled by Apple clang version 14.0.0 (clang-1400.0.29.102), 64-bit
2023-12-19 21:07:51.621 +08 [23434] LOG:  listening on IPv6 address "::1", port 5432
2023-12-19 21:07:51.621 +08 [23434] LOG:  listening on IPv4 address "127.0.0.1", port 5432
2023-12-19 21:07:51.621 +08 [23434] LOG:  listening on Unix socket "/tmp/.s.PGSQL.5432"
2023-12-19 21:07:51.625 +08 [23437] LOG:  database system was shut down at 2023-12-19 21:07:31 +08
2023-12-19 21:07:51.631 +08 [23434] LOG:  database system is ready to accept connections
2023-12-19 21:07:52.713 +08 [23442] LOG:  invalid length of startup packet
2023-12-19 21:07:53.355 +08 [23443] LOG:  invalid length of startup packet
2023-12-19 21:07:53.357 +08 [23444] LOG:  invalid length of startup packet
2023-12-19 21:07:53.361 +08 [23446] LOG:  invalid length of startup packet
2023-12-19 21:07:54.376 +08 [23447] LOG:  invalid length of startup packet
2023-12-19 21:07:59.409 +08 [23448] LOG:  invalid length of startup packet
2023-12-19 21:07:59.424 +08 [23453] LOG:  invalid length of startup packet
2023-12-19 21:07:59.428 +08 [23454] LOG:  invalid length of startup packet
2023-12-19 21:08:29.601 +08 [23476] LOG:  invalid length of startup packet
2023-12-19 21:09:30.194 +08 [23572] LOG:  invalid length of startup packet
2023-12-19 21:12:51.615 +08 [23435] LOG:  checkpoint starting: time
2023-12-19 21:12:51.637 +08 [23435] LOG:  checkpoint complete: wrote 3 buffers (0.0%); 0 WAL file(s) added, 0 removed, 0 recycled; write=0.015 s, sync=0.001 s, total=0.023 s; sync files=2, longest=0.001 s, average=0.001 s; distance=0 kB, estimate=0 kB; lsn=0/2149268, redo lsn=0/2149230
2023-12-19 21:24:43.643 +08 [25342] ERROR:  relation "users" does not exist at character 15
2023-12-19 21:24:43.643 +08 [25342] STATEMENT:  SELECT * FROM Users
2023-12-19 21:30:17.600 +08 [26216] ERROR:  relation "users" does not exist at character 15
2023-12-19 21:30:17.600 +08 [26216] STATEMENT:  SELECT * FROM Users
2023-12-19 21:33:14.257 +08 [26348] ERROR:  column "test01" does not exist at character 47
2023-12-19 21:33:14.257 +08 [26348] STATEMENT:  INSERT INTO gossip."Users"("User_ID")
	VALUES ("test01")
2023-12-19 21:33:24.429 +08 [26348] ERROR:  column "test01" does not exist at character 47
2023-12-19 21:33:24.429 +08 [26348] STATEMENT:  INSERT INTO gossip."Users"("User_ID")
	VALUES ("test01");
2023-12-19 21:33:55.884 +08 [26348] ERROR:  syntax error at or near ")" at character 47
2023-12-19 21:33:55.884 +08 [26348] STATEMENT:  INSERT INTO gossip."Users"("User_ID")
	VALUES ();
2023-12-19 21:34:01.031 +08 [26348] ERROR:  syntax error at or near ";" at character 46
2023-12-19 21:34:01.031 +08 [26348] STATEMENT:  INSERT INTO gossip."Users"("User_ID")
	VALUES ;
2023-12-19 21:34:05.405 +08 [26348] ERROR:  syntax error at end of input at character 46
2023-12-19 21:34:05.405 +08 [26348] STATEMENT:  INSERT INTO gossip."Users"("User_ID")
	VALUES 
2023-12-19 21:34:12.910 +08 [26348] ERROR:  column "test01" does not exist at character 47
2023-12-19 21:34:12.910 +08 [26348] STATEMENT:  INSERT INTO gossip."Users"("User_ID")
	VALUES (test01)
2023-12-19 21:34:28.928 +08 [26348] ERROR:  column "user_id" of relation "Users" does not exist at character 28
2023-12-19 21:34:28.928 +08 [26348] STATEMENT:  INSERT INTO gossip."Users"(User_ID)
	VALUES (test01)
2023-12-19 21:35:37.543 +08 [26462] ERROR:  syntax error at or near ")" at character 30
2023-12-19 21:35:37.543 +08 [26462] STATEMENT:  INSERT INTO gossip."Users" (
	) VALUES (
	)
	 returning "User_ID";
2023-12-19 21:36:47.989 +08 [26582] ERROR:  relation "users" does not exist at character 15
2023-12-19 21:36:47.989 +08 [26582] STATEMENT:  SELECT * FROM Users
2023-12-19 21:37:51.682 +08 [23435] LOG:  checkpoint starting: time
2023-12-19 21:37:52.001 +08 [23435] LOG:  checkpoint complete: wrote 4 buffers (0.0%); 0 WAL file(s) added, 0 removed, 0 recycled; write=0.310 s, sync=0.001 s, total=0.320 s; sync files=3, longest=0.001 s, average=0.001 s; distance=0 kB, estimate=0 kB; lsn=0/2149490, redo lsn=0/2149458
2023-12-19 21:38:02.895 +08 [26746] ERROR:  relation "gossip.users" does not exist at character 15
2023-12-19 21:38:02.895 +08 [26746] STATEMENT:  SELECT * FROM gossip.Users
2023-12-19 21:39:07.672 +08 [26949] ERROR:  syntax error at or near "`" at character 22
2023-12-19 21:39:07.672 +08 [26949] STATEMENT:  SELECT * FROM gossip.`Users`
2023-12-19 21:42:52.002 +08 [23435] LOG:  checkpoint starting: time
2023-12-19 21:42:52.114 +08 [23435] LOG:  checkpoint complete: wrote 1 buffers (0.0%); 0 WAL file(s) added, 0 removed, 0 recycled; write=0.103 s, sync=0.001 s, total=0.114 s; sync files=1, longest=0.001 s, average=0.001 s; distance=0 kB, estimate=0 kB; lsn=0/2149620, redo lsn=0/21495E8
